<?xml version="1.0" encoding="UTF-8"?>
<!-- Generated by org.testng.reporters.JUnitXMLReporter -->
<testsuite hostname="MD1NR8PC" ignored="2" name="Default test(failed)" tests="3" failures="0" timestamp="28 May 2019 06:17:11 GMT" time="216.547" errors="0">
  <testcase name="caseFieldVerification" time="78.015" classname="siemens.energy.org.crm.selenium.test.VerifyCaseFieldsForProfilesTest"/>
  <testcase name="caseFieldVerification" time="57.227" classname="siemens.energy.org.crm.selenium.test.VerifyCaseFieldsForProfilesTest"/>
  <testcase name="caseFieldVerification" time="53.031" classname="siemens.energy.org.crm.selenium.test.VerifyCaseFieldsForProfilesTest"/>
  <testcase name="testFailure" time="0.0" classname="siemens.energy.org.crm.selenium.test.VerifyCaseFieldsForProfilesTest">
    <ignored/>
  </testcase> <!-- testFailure -->
  <testcase name="overAllTestResult" time="0.0" classname="siemens.energy.org.crm.selenium.test.VerifyCaseFieldsForProfilesTest">
    <ignored/>
  </testcase> <!-- overAllTestResult -->
</testsuite> <!-- Default test(failed) -->
