<?xml version="1.0" encoding="UTF-8" ?>
<testsuite tests="3" failures="1" name="TestSuite" time="149.915" errors="0" skipped="0">
  <properties>
[...]
</properties>
  <testcase classname="siemens.energy.org.crm.selenium.test.VerifyCaseFieldsForProfilesTest" name="caseFieldVerification" time="149.915">
    <failure type="java.lang.AssertionError:">java.lang.AssertionError: 
	at org.testng.AssertJUnit.fail(AssertJUnit.java:59)
	at org.testng.AssertJUnit.assertTrue(AssertJUnit.java:24)
	at org.testng.AssertJUnit.assertTrue(AssertJUnit.java:33)
	at siemens.energy.org.crm.selenium.test.VerifyCaseFieldsForProfilesTest.caseFieldVerification(VerifyCaseFieldsForProfilesTest.java:120)
</failure>
    <system-out>Configuring TestNG with: org.apache.maven.surefire.testng.conf.TestNG652Configurator@9e89d68
OS: windows 7
Browser Name: chrome
Browser Version: 74.0.3729.157

</system-out>
    <system-err>May 23, 2019 5:51:43 PM org.openqa.selenium.remote.DesiredCapabilities chrome
INFO: Using `new ChromeOptions()` is preferred to `DesiredCapabilities.chrome()`
Starting ChromeDriver 74.0.3729.6 (255758eccf3d244491b8a1317aa76e1ce10d57e9-refs/branch-heads/3729@{#29}) on port 8870
Only local connections are allowed.
Please protect ports used by ChromeDriver and related test frameworks to prevent access by malicious code.
May 23, 2019 5:51:46 PM org.openqa.selenium.remote.ProtocolHandshake createSession
INFO: Detected dialect: OSS
</system-err>
  </testcase>
  <testcase classname="siemens.energy.org.crm.selenium.test.VerifyCaseFieldsForProfilesTest" name="testFailure" time="0"/>
  <testcase classname="siemens.energy.org.crm.selenium.test.VerifyCaseFieldsForProfilesTest" name="overAllTestResult" time="0"/>
</testsuite>