<?xml version="1.0" encoding="UTF-8"?>
<testng-results skipped="11" failed="0" total="14" passed="3">
  <reporter-output>
  </reporter-output>
  <suite name="Command line suite" duration-ms="69440" started-at="2020-10-28T10:26:41Z" finished-at="2020-10-28T10:27:50Z">
    <groups>
    </groups>
    <test name="Command line test" duration-ms="69440" started-at="2020-10-28T10:26:41Z" finished-at="2020-10-28T10:27:50Z">
      <class name="siemens.energy.org.crm.selenium.common.BaseTest">
        <test-method status="SKIP" signature="endReport()[pri:0, instance:siemens.energy.org.crm.selenium.common.BaseTest@6574b225]" name="endReport" is-config="true" duration-ms="0" started-at="2020-10-28T15:57:50Z" finished-at="2020-10-28T15:57:50Z">
          <reporter-output>
          </reporter-output>
        </test-method> <!-- endReport -->
      </class> <!-- siemens.energy.org.crm.selenium.common.BaseTest -->
      <class name="siemens.energy.org.crm.selenium.test.CaseRoutingMatrixTest">
        <test-method status="PASS" signature="launchBrowser()[pri:0, instance:siemens.energy.org.crm.selenium.test.CaseRoutingMatrixTest@3c09711b]" name="launchBrowser" is-config="true" duration-ms="48434" started-at="2020-10-28T15:56:41Z" finished-at="2020-10-28T15:57:29Z">
          <reporter-output>
          </reporter-output>
        </test-method> <!-- launchBrowser -->
        <test-method status="PASS" signature="caseFieldVerification(java.lang.String, java.lang.String)[pri:1, instance:siemens.energy.org.crm.selenium.test.CaseRoutingMatrixTest@3c09711b]" name="caseFieldVerification" duration-ms="4872" started-at="2020-10-28T15:57:30Z" data-provider="businessUserAndProfile" finished-at="2020-10-28T15:57:35Z">
          <params>
            <param index="0">
              <value>
                <![CDATA[TestDataDoNotUse_PGDRStandard]]>
              </value>
            </param>
            <param index="1">
              <value>
                <![CDATA[PG DR standard ]]>
              </value>
            </param>
          </params>
          <reporter-output>
          </reporter-output>
        </test-method> <!-- caseFieldVerification -->
        <test-method status="PASS" signature="caseFieldVerification(java.lang.String, java.lang.String)[pri:1, instance:siemens.energy.org.crm.selenium.test.CaseRoutingMatrixTest@3c09711b]" name="caseFieldVerification" duration-ms="4503" started-at="2020-10-28T15:57:35Z" data-provider="businessUserAndProfile" finished-at="2020-10-28T15:57:39Z">
          <params>
            <param index="0">
              <value>
                <![CDATA[TestDataDoNotUse_PGEngineBusiness]]>
              </value>
            </param>
            <param index="1">
              <value>
                <![CDATA[PG Engine Business]]>
              </value>
            </param>
          </params>
          <reporter-output>
          </reporter-output>
        </test-method> <!-- caseFieldVerification -->
        <test-method status="PASS" signature="caseFieldVerification(java.lang.String, java.lang.String)[pri:1, instance:siemens.energy.org.crm.selenium.test.CaseRoutingMatrixTest@3c09711b]" name="caseFieldVerification" duration-ms="4490" started-at="2020-10-28T15:57:39Z" data-provider="businessUserAndProfile" finished-at="2020-10-28T15:57:44Z">
          <params>
            <param index="0">
              <value>
                <![CDATA[TestDataDoNotUse_PGSStandard]]>
              </value>
            </param>
            <param index="1">
              <value>
                <![CDATA[PG S standard]]>
              </value>
            </param>
          </params>
          <reporter-output>
          </reporter-output>
        </test-method> <!-- caseFieldVerification -->
        <test-method status="PASS" signature="terminateBrowser()[pri:0, instance:siemens.energy.org.crm.selenium.test.CaseRoutingMatrixTest@3c09711b]" name="terminateBrowser" is-config="true" duration-ms="3" started-at="2020-10-28T15:57:44Z" finished-at="2020-10-28T15:57:44Z">
          <reporter-output>
          </reporter-output>
        </test-method> <!-- terminateBrowser -->
      </class> <!-- siemens.energy.org.crm.selenium.test.CaseRoutingMatrixTest -->
      <class name="siemens.energy.org.crm.selenium.test.ProbabilityCalculationTest">
        <test-method status="SKIP" signature="launchBrowser()[pri:0, instance:siemens.energy.org.crm.selenium.test.ProbabilityCalculationTest@b97c004]" name="launchBrowser" is-config="true" duration-ms="0" started-at="2020-10-28T15:57:50Z" finished-at="2020-10-28T15:57:50Z">
          <reporter-output>
          </reporter-output>
        </test-method> <!-- launchBrowser -->
        <test-method status="SKIP" signature="probablityValidation(java.lang.String, java.lang.String)[pri:1, instance:siemens.energy.org.crm.selenium.test.ProbabilityCalculationTest@b97c004]" name="probablityValidation" duration-ms="1" started-at="2020-10-28T15:57:50Z" data-provider="businessUserAndProfile" finished-at="2020-10-28T15:57:50Z">
          <params>
            <param index="0">
              <value>
                <![CDATA[TestDataDoNotUse_PGDRStandard]]>
              </value>
            </param>
            <param index="1">
              <value>
                <![CDATA[PG DR standard ]]>
              </value>
            </param>
          </params>
          <reporter-output>
          </reporter-output>
        </test-method> <!-- probablityValidation -->
        <test-method status="SKIP" signature="tearDown(org.testng.ITestResult)[pri:0, instance:siemens.energy.org.crm.selenium.test.ProbabilityCalculationTest@b97c004]" name="tearDown" is-config="true" duration-ms="0" started-at="2020-10-28T15:57:50Z" finished-at="2020-10-28T15:57:50Z">
          <reporter-output>
          </reporter-output>
        </test-method> <!-- tearDown -->
        <test-method status="SKIP" signature="probablityValidation(java.lang.String, java.lang.String)[pri:1, instance:siemens.energy.org.crm.selenium.test.ProbabilityCalculationTest@b97c004]" name="probablityValidation" duration-ms="0" started-at="2020-10-28T15:57:50Z" data-provider="businessUserAndProfile" finished-at="2020-10-28T15:57:50Z">
          <params>
            <param index="0">
              <value>
                <![CDATA[TestDataDoNotUse_PGEngineBusiness]]>
              </value>
            </param>
            <param index="1">
              <value>
                <![CDATA[PG Engine Business]]>
              </value>
            </param>
          </params>
          <reporter-output>
          </reporter-output>
        </test-method> <!-- probablityValidation -->
        <test-method status="SKIP" signature="probablityValidation(java.lang.String, java.lang.String)[pri:1, instance:siemens.energy.org.crm.selenium.test.ProbabilityCalculationTest@b97c004]" name="probablityValidation" duration-ms="0" started-at="2020-10-28T15:57:50Z" data-provider="businessUserAndProfile" finished-at="2020-10-28T15:57:50Z">
          <params>
            <param index="0">
              <value>
                <![CDATA[TestDataDoNotUse_PGSStandard]]>
              </value>
            </param>
            <param index="1">
              <value>
                <![CDATA[PG S standard]]>
              </value>
            </param>
          </params>
          <reporter-output>
          </reporter-output>
        </test-method> <!-- probablityValidation -->
        <test-method status="SKIP" signature="tearDown(org.testng.ITestResult)[pri:0, instance:siemens.energy.org.crm.selenium.test.ProbabilityCalculationTest@b97c004]" name="tearDown" is-config="true" duration-ms="0" started-at="2020-10-28T15:57:50Z" finished-at="2020-10-28T15:57:50Z">
          <reporter-output>
          </reporter-output>
        </test-method> <!-- tearDown -->
        <test-method status="SKIP" signature="tearDown(org.testng.ITestResult)[pri:0, instance:siemens.energy.org.crm.selenium.test.ProbabilityCalculationTest@b97c004]" name="tearDown" is-config="true" duration-ms="0" started-at="2020-10-28T15:57:50Z" finished-at="2020-10-28T15:57:50Z">
          <reporter-output>
          </reporter-output>
        </test-method> <!-- tearDown -->
        <test-method status="SKIP" signature="terminateBrowser()[pri:0, instance:siemens.energy.org.crm.selenium.test.ProbabilityCalculationTest@b97c004]" name="terminateBrowser" is-config="true" duration-ms="0" started-at="2020-10-28T15:57:50Z" finished-at="2020-10-28T15:57:50Z">
          <reporter-output>
          </reporter-output>
        </test-method> <!-- terminateBrowser -->
      </class> <!-- siemens.energy.org.crm.selenium.test.ProbabilityCalculationTest -->
      <class name="siemens.energy.org.crm.selenium.test.CustomerPortalUserCreationTest">
        <test-method status="FAIL" signature="launchBrowser()[pri:0, instance:siemens.energy.org.crm.selenium.test.CustomerPortalUserCreationTest@5cc7c2a6]" name="launchBrowser" is-config="true" duration-ms="0" started-at="2020-10-28T15:57:44Z" finished-at="2020-10-28T15:57:44Z">
          <exception class="org.openqa.selenium.WebDriverException">
            <message>
              <![CDATA[unknown error: cannot determine loading status
from disconnected: received Inspector.detached event
  (Session info: chrome=86.0.4240.111)
Build info: version: '3.141.59', revision: 'e82be7d358', time: '2018-11-14T08:17:03'
System info: host: 'MD2KMYDC', ip: '192.168.1.6', os.name: 'Windows 10', os.arch: 'amd64', os.version: '10.0', java.version: '1.8.0_221'
Driver info: org.openqa.selenium.chrome.ChromeDriver
Capabilities {acceptInsecureCerts: false, browserName: chrome, browserVersion: 86.0.4240.111, chrome: {chromedriverVersion: 85.0.4183.87 (cd6713ebf92fa..., userDataDir: C:\Users\Z003r03h\AppData\L...}, goog:chromeOptions: {debuggerAddress: localhost:57837}, javascriptEnabled: true, networkConnectionEnabled: false, pageLoadStrategy: normal, platform: WINDOWS, platformName: WINDOWS, proxy: Proxy(), setWindowRect: true, strictFileInteractability: false, timeouts: {implicit: 0, pageLoad: 300000, script: 30000}, unhandledPromptBehavior: dismiss and notify, webauthn:virtualAuthenticators: true}
Session ID: cec7f5bbedb9e8497d34df7da0f9e764]]>
            </message>
            <full-stacktrace>
              <![CDATA[org.openqa.selenium.WebDriverException: unknown error: cannot determine loading status
from disconnected: received Inspector.detached event
  (Session info: chrome=86.0.4240.111)
Build info: version: '3.141.59', revision: 'e82be7d358', time: '2018-11-14T08:17:03'
System info: host: 'MD2KMYDC', ip: '192.168.1.6', os.name: 'Windows 10', os.arch: 'amd64', os.version: '10.0', java.version: '1.8.0_221'
Driver info: org.openqa.selenium.chrome.ChromeDriver
Capabilities {acceptInsecureCerts: false, browserName: chrome, browserVersion: 86.0.4240.111, chrome: {chromedriverVersion: 85.0.4183.87 (cd6713ebf92fa..., userDataDir: C:\Users\Z003r03h\AppData\L...}, goog:chromeOptions: {debuggerAddress: localhost:57837}, javascriptEnabled: true, networkConnectionEnabled: false, pageLoadStrategy: normal, platform: WINDOWS, platformName: WINDOWS, proxy: Proxy(), setWindowRect: true, strictFileInteractability: false, timeouts: {implicit: 0, pageLoad: 300000, script: 30000}, unhandledPromptBehavior: dismiss and notify, webauthn:virtualAuthenticators: true}
Session ID: cec7f5bbedb9e8497d34df7da0f9e764
	at sun.reflect.NativeConstructorAccessorImpl.newInstance0(Native Method)
	at sun.reflect.NativeConstructorAccessorImpl.newInstance(Unknown Source)
	at sun.reflect.DelegatingConstructorAccessorImpl.newInstance(Unknown Source)
	at java.lang.reflect.Constructor.newInstance(Unknown Source)
	at org.openqa.selenium.remote.http.W3CHttpResponseCodec.createException(W3CHttpResponseCodec.java:187)
	at org.openqa.selenium.remote.http.W3CHttpResponseCodec.decode(W3CHttpResponseCodec.java:122)
	at org.openqa.selenium.remote.http.W3CHttpResponseCodec.decode(W3CHttpResponseCodec.java:49)
	at org.openqa.selenium.remote.HttpCommandExecutor.execute(HttpCommandExecutor.java:158)
	at org.openqa.selenium.remote.service.DriverCommandExecutor.execute(DriverCommandExecutor.java:83)
	at org.openqa.selenium.remote.RemoteWebDriver.execute(RemoteWebDriver.java:552)
	at org.openqa.selenium.remote.RemoteWebDriver.get(RemoteWebDriver.java:277)
	at org.openqa.selenium.remote.RemoteWebDriver$RemoteNavigation.to(RemoteWebDriver.java:857)
	at siemens.energy.org.crm.selenium.common.BaseTest.navigateToUrl(BaseTest.java:201)
	at siemens.energy.org.crm.selenium.common.BaseTest.launchBrowser(BaseTest.java:180)
	at sun.reflect.NativeMethodAccessorImpl.invoke0(Native Method)
	at sun.reflect.NativeMethodAccessorImpl.invoke(Unknown Source)
	at sun.reflect.DelegatingMethodAccessorImpl.invoke(Unknown Source)
	at java.lang.reflect.Method.invoke(Unknown Source)
	at org.testng.internal.MethodInvocationHelper.invokeMethod(MethodInvocationHelper.java:85)
	at org.testng.internal.Invoker.invokeConfigurationMethod(Invoker.java:510)
	at org.testng.internal.Invoker.invokeConfigurations(Invoker.java:211)
	at org.testng.internal.Invoker.invokeConfigurations(Invoker.java:138)
	at org.testng.internal.TestMethodWorker.invokeBeforeClassMethods(TestMethodWorker.java:170)
	at org.testng.internal.TestMethodWorker.run(TestMethodWorker.java:104)
	at org.testng.TestRunner.privateRun(TestRunner.java:774)
	at org.testng.TestRunner.run(TestRunner.java:624)
	at org.testng.SuiteRunner.runTest(SuiteRunner.java:359)
	at org.testng.SuiteRunner.runSequentially(SuiteRunner.java:354)
	at org.testng.SuiteRunner.privateRun(SuiteRunner.java:312)
	at org.testng.SuiteRunner.run(SuiteRunner.java:261)
	at org.testng.SuiteRunnerWorker.runSuite(SuiteRunnerWorker.java:52)
	at org.testng.SuiteRunnerWorker.run(SuiteRunnerWorker.java:86)
	at org.testng.TestNG.runSuitesSequentially(TestNG.java:1191)
	at org.testng.TestNG.runSuitesLocally(TestNG.java:1116)
	at org.testng.TestNG.run(TestNG.java:1024)
	at org.apache.maven.surefire.testng.TestNGExecutor.run(TestNGExecutor.java:77)
	at org.apache.maven.surefire.testng.TestNGDirectoryTestSuite.executeMulti(TestNGDirectoryTestSuite.java:159)
	at org.apache.maven.surefire.testng.TestNGDirectoryTestSuite.execute(TestNGDirectoryTestSuite.java:99)
	at org.apache.maven.surefire.testng.TestNGProvider.invoke(TestNGProvider.java:106)
	at sun.reflect.NativeMethodAccessorImpl.invoke0(Native Method)
	at sun.reflect.NativeMethodAccessorImpl.invoke(Unknown Source)
	at sun.reflect.DelegatingMethodAccessorImpl.invoke(Unknown Source)
	at java.lang.reflect.Method.invoke(Unknown Source)
	at org.apache.maven.surefire.util.ReflectionUtils.invokeMethodWithArray(ReflectionUtils.java:189)
	at org.apache.maven.surefire.booter.ProviderFactory$ProviderProxy.invoke(ProviderFactory.java:165)
	at org.apache.maven.surefire.booter.ProviderFactory.invokeProvider(ProviderFactory.java:85)
	at org.apache.maven.surefire.booter.ForkedBooter.runSuitesInProcess(ForkedBooter.java:115)
	at org.apache.maven.surefire.booter.ForkedBooter.main(ForkedBooter.java:75)
]]>
            </full-stacktrace>
          </exception> <!-- org.openqa.selenium.WebDriverException -->
          <reporter-output>
          </reporter-output>
        </test-method> <!-- launchBrowser -->
        <test-method status="SKIP" signature="probablityValidation(java.lang.String, java.lang.String)[pri:1, instance:siemens.energy.org.crm.selenium.test.CustomerPortalUserCreationTest@5cc7c2a6]" name="probablityValidation" duration-ms="0" started-at="2020-10-28T15:57:50Z" data-provider="businessUserAndProfile" finished-at="2020-10-28T15:57:50Z">
          <params>
            <param index="0">
              <value>
                <![CDATA[TestDataDoNotUse_PGDRStandard]]>
              </value>
            </param>
            <param index="1">
              <value>
                <![CDATA[PG DR standard ]]>
              </value>
            </param>
          </params>
          <reporter-output>
          </reporter-output>
        </test-method> <!-- probablityValidation -->
        <test-method status="SKIP" signature="tearDown(org.testng.ITestResult)[pri:0, instance:siemens.energy.org.crm.selenium.test.CustomerPortalUserCreationTest@5cc7c2a6]" name="tearDown" is-config="true" duration-ms="0" started-at="2020-10-28T15:57:50Z" finished-at="2020-10-28T15:57:50Z">
          <reporter-output>
          </reporter-output>
        </test-method> <!-- tearDown -->
        <test-method status="SKIP" signature="tearDown(org.testng.ITestResult)[pri:0, instance:siemens.energy.org.crm.selenium.test.CustomerPortalUserCreationTest@5cc7c2a6]" name="tearDown" is-config="true" duration-ms="0" started-at="2020-10-28T15:57:50Z" finished-at="2020-10-28T15:57:50Z">
          <reporter-output>
          </reporter-output>
        </test-method> <!-- tearDown -->
        <test-method status="SKIP" signature="probablityValidation(java.lang.String, java.lang.String)[pri:1, instance:siemens.energy.org.crm.selenium.test.CustomerPortalUserCreationTest@5cc7c2a6]" name="probablityValidation" duration-ms="0" started-at="2020-10-28T15:57:50Z" data-provider="businessUserAndProfile" finished-at="2020-10-28T15:57:50Z">
          <params>
            <param index="0">
              <value>
                <![CDATA[TestDataDoNotUse_PGEngineBusiness]]>
              </value>
            </param>
            <param index="1">
              <value>
                <![CDATA[PG Engine Business]]>
              </value>
            </param>
          </params>
          <reporter-output>
          </reporter-output>
        </test-method> <!-- probablityValidation -->
        <test-method status="SKIP" signature="probablityValidation(java.lang.String, java.lang.String)[pri:1, instance:siemens.energy.org.crm.selenium.test.CustomerPortalUserCreationTest@5cc7c2a6]" name="probablityValidation" duration-ms="1" started-at="2020-10-28T15:57:50Z" data-provider="businessUserAndProfile" finished-at="2020-10-28T15:57:50Z">
          <params>
            <param index="0">
              <value>
                <![CDATA[TestDataDoNotUse_PGSStandard]]>
              </value>
            </param>
            <param index="1">
              <value>
                <![CDATA[PG S standard]]>
              </value>
            </param>
          </params>
          <reporter-output>
          </reporter-output>
        </test-method> <!-- probablityValidation -->
        <test-method status="SKIP" signature="tearDown(org.testng.ITestResult)[pri:0, instance:siemens.energy.org.crm.selenium.test.CustomerPortalUserCreationTest@5cc7c2a6]" name="tearDown" is-config="true" duration-ms="0" started-at="2020-10-28T15:57:50Z" finished-at="2020-10-28T15:57:50Z">
          <reporter-output>
          </reporter-output>
        </test-method> <!-- tearDown -->
        <test-method status="SKIP" signature="terminateBrowser()[pri:0, instance:siemens.energy.org.crm.selenium.test.CustomerPortalUserCreationTest@5cc7c2a6]" name="terminateBrowser" is-config="true" duration-ms="0" started-at="2020-10-28T15:57:50Z" finished-at="2020-10-28T15:57:50Z">
          <reporter-output>
          </reporter-output>
        </test-method> <!-- terminateBrowser -->
      </class> <!-- siemens.energy.org.crm.selenium.test.CustomerPortalUserCreationTest -->
      <class name="siemens.energy.org.crm.selenium.test.VerifyCaseFieldsForProfilesTest">
        <test-method status="SKIP" signature="launchBrowser()[pri:0, instance:siemens.energy.org.crm.selenium.test.VerifyCaseFieldsForProfilesTest@4590c9c3]" name="launchBrowser" is-config="true" duration-ms="0" started-at="2020-10-28T15:57:50Z" finished-at="2020-10-28T15:57:50Z">
          <reporter-output>
          </reporter-output>
        </test-method> <!-- launchBrowser -->
        <test-method status="SKIP" signature="caseFieldVerification(java.lang.String, java.lang.String)[pri:1, instance:siemens.energy.org.crm.selenium.test.VerifyCaseFieldsForProfilesTest@4590c9c3]" name="caseFieldVerification" duration-ms="0" started-at="2020-10-28T15:57:50Z" data-provider="businessUserAndProfile" finished-at="2020-10-28T15:57:50Z">
          <params>
            <param index="0">
              <value>
                <![CDATA[TestDataDoNotUse_PGDRStandard]]>
              </value>
            </param>
            <param index="1">
              <value>
                <![CDATA[PG DR standard ]]>
              </value>
            </param>
          </params>
          <reporter-output>
          </reporter-output>
        </test-method> <!-- caseFieldVerification -->
        <test-method status="SKIP" signature="caseFieldVerification(java.lang.String, java.lang.String)[pri:1, instance:siemens.energy.org.crm.selenium.test.VerifyCaseFieldsForProfilesTest@4590c9c3]" name="caseFieldVerification" duration-ms="0" started-at="2020-10-28T15:57:50Z" data-provider="businessUserAndProfile" finished-at="2020-10-28T15:57:50Z">
          <params>
            <param index="0">
              <value>
                <![CDATA[TestDataDoNotUse_PGEngineBusiness]]>
              </value>
            </param>
            <param index="1">
              <value>
                <![CDATA[PG Engine Business]]>
              </value>
            </param>
          </params>
          <reporter-output>
          </reporter-output>
        </test-method> <!-- caseFieldVerification -->
        <test-method status="SKIP" signature="caseFieldVerification(java.lang.String, java.lang.String)[pri:1, instance:siemens.energy.org.crm.selenium.test.VerifyCaseFieldsForProfilesTest@4590c9c3]" name="caseFieldVerification" duration-ms="0" started-at="2020-10-28T15:57:50Z" data-provider="businessUserAndProfile" finished-at="2020-10-28T15:57:50Z">
          <params>
            <param index="0">
              <value>
                <![CDATA[TestDataDoNotUse_PGSStandard]]>
              </value>
            </param>
            <param index="1">
              <value>
                <![CDATA[PG S standard]]>
              </value>
            </param>
          </params>
          <reporter-output>
          </reporter-output>
        </test-method> <!-- caseFieldVerification -->
        <test-method status="SKIP" signature="overAllTestResult()[pri:3, instance:siemens.energy.org.crm.selenium.test.VerifyCaseFieldsForProfilesTest@4590c9c3]" name="overAllTestResult" duration-ms="1" started-at="2020-10-28T15:57:50Z" finished-at="2020-10-28T15:57:50Z">
          <reporter-output>
          </reporter-output>
        </test-method> <!-- overAllTestResult -->
        <test-method status="SKIP" signature="testFailure()[pri:2, instance:siemens.energy.org.crm.selenium.test.VerifyCaseFieldsForProfilesTest@4590c9c3]" name="testFailure" duration-ms="0" started-at="2020-10-28T15:57:50Z" finished-at="2020-10-28T15:57:50Z">
          <reporter-output>
          </reporter-output>
        </test-method> <!-- testFailure -->
        <test-method status="SKIP" signature="terminateBrowser()[pri:0, instance:siemens.energy.org.crm.selenium.test.VerifyCaseFieldsForProfilesTest@4590c9c3]" name="terminateBrowser" is-config="true" duration-ms="0" started-at="2020-10-28T15:57:50Z" finished-at="2020-10-28T15:57:50Z">
          <reporter-output>
          </reporter-output>
        </test-method> <!-- terminateBrowser -->
      </class> <!-- siemens.energy.org.crm.selenium.test.VerifyCaseFieldsForProfilesTest -->
    </test> <!-- Command line test -->
  </suite> <!-- Command line suite -->
</testng-results>
