<?xml version="1.0" encoding="UTF-8"?>
<!-- Generated by org.testng.reporters.JUnitXMLReporter -->
<testsuite hostname="MD1NR8PC" name="Command line test" tests="3" failures="1" timestamp="23 May 2019 12:25:12 GMT" time="208.898" errors="0">
  <testcase name="caseFieldVerification" time="149.899" classname="siemens.energy.org.crm.selenium.test.VerifyCaseFieldsForProfilesTest">
    <failure type="java.lang.AssertionError">
      <![CDATA[java.lang.AssertionError: 
	at siemens.energy.org.crm.selenium.test.VerifyCaseFieldsForProfilesTest.caseFieldVerification(VerifyCaseFieldsForProfilesTest.java:120)
... Removed 37 stack frames]]>
    </failure>
  </testcase> <!-- caseFieldVerification -->
  <testcase name="testFailure" time="0.0" classname="siemens.energy.org.crm.selenium.test.VerifyCaseFieldsForProfilesTest"/>
  <testcase name="overAllTestResult" time="0.0" classname="siemens.energy.org.crm.selenium.test.VerifyCaseFieldsForProfilesTest"/>
</testsuite> <!-- Command line test -->
