<?xml version="1.0" encoding="UTF-8"?>
<!-- Generated by org.testng.reporters.JUnitXMLReporter -->
<testsuite hostname="md2kmydc" ignored="0" name="Default test" tests="3" failures="0" timestamp="2020-10-22T13:30:52 IST" time="4062.784" errors="0">
  <testcase name="probablityValidation" time="1325.052" classname="siemens.energy.org.crm.selenium.test.ProbabilityCalculationTest"/>
  <testcase name="probablityValidation" time="1273.632" classname="siemens.energy.org.crm.selenium.test.ProbabilityCalculationTest"/>
  <testcase name="probablityValidation" time="1392.749" classname="siemens.energy.org.crm.selenium.test.ProbabilityCalculationTest"/>
</testsuite> <!-- Default test -->
