<?xml version="1.0" encoding="UTF-8"?>
<!-- Generated by org.testng.reporters.JUnitXMLReporter -->
<testsuite hostname="md2kmydc" ignored="2" name="Test" tests="2" failures="0" timestamp="2020-02-12T12:28:23 IST" time="371.917" errors="0">
  <testcase name="caseFieldVerification" time="27.038" classname="siemens.energy.org.crm.selenium.test.CaseRoutingMatrixTest2"/>
  <testcase name="caseFieldVerification" time="318.471" classname="siemens.energy.org.crm.selenium.test.CaseRoutingMatrixTest1"/>
  <testcase name="@AfterTest tearDown" time="0.0" classname="siemens.energy.org.crm.selenium.common.BaseTest">
    <ignored/>
  </testcase> <!-- @AfterTest tearDown -->
  <testcase name="@BeforeTest startReport" time="0.0" classname="siemens.energy.org.crm.selenium.common.BaseTest">
    <ignored/>
  </testcase> <!-- @BeforeTest startReport -->
</testsuite> <!-- Test -->
